2026-07-07 19:21:59,014 | INFO | Starting up Ś loading model...
2026-07-07 19:22:15,223 | INFO | Model loaded successfully.
2026-07-07 19:22:15,335 | INFO | Shutting down.
2026-07-07 19:25:06,337 | INFO | Starting up Ś loading model...
2026-07-07 19:25:13,970 | INFO | Model loaded successfully.
2026-07-07 20:13:43,148 | INFO | Starting up Ś loading model...
2026-07-07 20:13:53,392 | INFO | Model loaded successfully. Database ready at predictions.db.
2026-07-07 20:14:38,909 | INFO | Received /predict request: {'Pre_Semester_GPA': 3.0, 'Major_Category': 'STEM', 'Year_of_Study': 'Freshman', 'Weekly_GenAI_Hours': 5.0, 'Primary_Use_Case': 'Copywriting/Drafting', 'Prompt_Engineering_Skill': 'Beginner', 'Tool_Diversity': 2, 'Paid_Subscription': False, 'Traditional_Study_Hours': 10.0, 'Perceived_AI_Dependency': 5, 'Institutional_Policy': 'Allowed_With_Citation', 'Anxiety_Level_During_Exams': 5, 'Skill_Retention_Score': 75.0}
2026-07-07 20:23:10,155 | INFO | Received /predict request: {'Pre_Semester_GPA': 2.78, 'Major_Category': 'Business', 'Year_of_Study': 'Sophomore', 'Weekly_GenAI_Hours': 4.0, 'Primary_Use_Case': 'Debugging/Troubleshooting', 'Prompt_Engineering_Skill': 'Advanced', 'Tool_Diversity': 5, 'Paid_Subscription': True, 'Traditional_Study_Hours': 7.0, 'Perceived_AI_Dependency': 3, 'Institutional_Policy': 'Actively_Encouraged', 'Anxiety_Level_During_Exams': 3, 'Skill_Retention_Score': 80.0}
2026-07-07 21:10:26,174 | INFO | Shutting down.
2026-07-07 21:11:02,767 | INFO | Starting up Ś loading model...
2026-07-07 21:11:13,186 | INFO | Model loaded successfully. Database ready at predictions.db.
2026-07-07 21:11:45,736 | INFO | Shutting down.
2026-07-07 21:11:52,805 | INFO | Starting up Ś loading model...
2026-07-07 21:11:59,928 | INFO | Model loaded successfully. Database ready at predictions.db.
2026-07-07 21:14:16,314 | INFO | Shutting down.
2026-07-07 21:14:20,118 | INFO | Starting up Ś loading model...
2026-07-07 21:14:25,229 | INFO | Model loaded successfully. Database ready at predictions.db.
2026-07-07 21:14:25,344 | INFO | Shutting down.
2026-07-07 21:14:30,473 | INFO | Starting up Ś loading model...
2026-07-07 21:14:34,867 | INFO | Model loaded successfully. Database ready at predictions.db.
2026-07-07 21:14:34,974 | INFO | Shutting down.
2026-07-07 21:14:38,235 | INFO | Starting up Ś loading model...
2026-07-07 21:14:41,895 | INFO | Model loaded successfully. Database ready at predictions.db.
2026-07-07 21:14:59,964 | INFO | Shutting down.
2026-07-07 21:15:04,370 | INFO | Starting up Ś loading model...
2026-07-07 21:15:07,903 | INFO | Model loaded successfully. Database ready at predictions.db.
2026-07-07 21:17:10,466 | INFO | Shutting down.
2026-07-07 21:17:15,575 | INFO | Starting up Ś loading model...
2026-07-07 21:17:18,847 | INFO | Model loaded successfully. Database ready at predictions.db.
2026-07-07 21:17:58,284 | INFO | Shutting down.
2026-07-07 21:18:02,613 | INFO | Starting up Ś loading model...
2026-07-07 21:18:05,419 | INFO | Model loaded successfully. Database ready at predictions.db.
2026-07-07 21:18:05,537 | INFO | Shutting down.
2026-07-07 21:18:10,630 | INFO | Starting up Ś loading model...
2026-07-07 21:18:14,962 | INFO | Model loaded successfully. Database ready at predictions.db.
2026-07-07 21:19:34,099 | INFO | Shutting down.
2026-07-07 21:19:37,984 | INFO | Starting up Ś loading model...
2026-07-07 21:19:41,761 | INFO | Model loaded successfully. Database ready at predictions.db.
2026-07-07 21:20:07,410 | INFO | Shutting down.
2026-07-07 21:20:10,335 | INFO | Starting up Ś loading model...
2026-07-07 21:20:13,847 | INFO | Model loaded successfully. Database ready at predictions.db.
2026-07-07 21:20:55,294 | INFO | Shutting down.
2026-07-07 21:20:58,657 | INFO | Starting up Ś loading model...
2026-07-07 21:21:03,646 | INFO | Model loaded successfully. Database ready at predictions.db.
2026-07-07 21:21:04,514 | INFO | Shutting down.
2026-07-07 21:21:09,008 | INFO | Starting up Ś loading model...
2026-07-07 21:21:14,870 | INFO | Model loaded successfully. Database ready at predictions.db.
2026-07-07 21:21:15,030 | INFO | Shutting down.
2026-07-07 21:21:18,793 | INFO | Starting up Ś loading model...
2026-07-07 21:21:22,066 | INFO | Model loaded successfully. Database ready at predictions.db.
2026-07-07 21:38:07,454 | INFO | Shutting down.
2026-07-07 21:38:24,411 | INFO | Starting up Ś loading model...
2026-07-07 21:38:44,088 | INFO | Model loaded successfully. Database ready at predictions.db.
